<?xml version="1.0" encoding="UTF-8"?>
<testsuite time='0.000028' skipped='0' failures='0' errors='0' name="test" assertions='1' tests='1'>
  <testcase time='0.000028' name="test_0001_works" assertions='1'>
  </testcase>
</testsuite>
